/home/aarc/.local/share/JetBrains/Toolbox/apps/CLion/ch-0/213.7172.20/bin/cmake/linux/bin/cmake -DCMAKE_BUILD_TYPE=Debug -DCMAKE_MAKE_PROGRAM=/home/aarc/.local/share/JetBrains/Toolbox/apps/CLion/ch-0/213.7172.20/bin/ninja/linux/ninja -DCMAKE_C_COMPILER=/usr/bin/gcc-arm-none-eabi-10.3-2021.10/bin/arm-none-eabi-gcc -DCMAKE_CXX_COMPILER=/usr/bin/gcc-arm-none-eabi-10.3-2021.10/bin/arm-none-eabi-g++ -G Ninja /home/aarc/EXTERNAL/Launch/data_analysis
-- The C compiler identification is GNU 10.3.1
-- The CXX compiler identification is GNU 10.3.1
-- Detecting C compiler ABI info
-- Detecting C compiler ABI info - failed
-- Check for working C compiler: /usr/bin/gcc-arm-none-eabi-10.3-2021.10/bin/arm-none-eabi-gcc
-- Check for working C compiler: /usr/bin/gcc-arm-none-eabi-10.3-2021.10/bin/arm-none-eabi-gcc - broken
CMake Error at /home/aarc/.local/share/JetBrains/Toolbox/apps/CLion/ch-0/213.7172.20/bin/cmake/linux/share/cmake-3.21/Modules/CMakeTestCCompiler.cmake:69 (message):
  The C compiler

    "/usr/bin/gcc-arm-none-eabi-10.3-2021.10/bin/arm-none-eabi-gcc"

  is not able to compile a simple test program.

  It fails with the following output:

    Change Dir: /home/aarc/EXTERNAL/Launch/data_analysis/cmake-build-debug/CMakeFiles/CMakeTmp
    
    Run Build Command(s):/home/aarc/.local/share/JetBrains/Toolbox/apps/CLion/ch-0/213.7172.20/bin/ninja/linux/ninja cmTC_25be6 && [1/2] Building C object CMakeFiles/cmTC_25be6.dir/testCCompiler.c.o
    [2/2] Linking C executable cmTC_25be6
    FAILED: cmTC_25be6 
    : && /usr/bin/gcc-arm-none-eabi-10.3-2021.10/bin/arm-none-eabi-gcc   CMakeFiles/cmTC_25be6.dir/testCCompiler.c.o -o cmTC_25be6   && :
    /usr/bin/gcc-arm-none-eabi-10.3-2021.10/bin/../lib/gcc/arm-none-eabi/10.3.1/../../../../arm-none-eabi/bin/ld: /usr/bin/gcc-arm-none-eabi-10.3-2021.10/bin/../lib/gcc/arm-none-eabi/10.3.1/../../../../arm-none-eabi/lib/libc.a(lib_a-exit.o): in function `exit':
    exit.c:(.text.exit+0x2c): undefined reference to `_exit'
    collect2: error: ld returned 1 exit status
    ninja: build stopped: subcommand failed.
    
    

  

  CMake will not be able to correctly generate this project.
Call Stack (most recent call first):
  CMakeLists.txt:2 (project)


-- Configuring incomplete, errors occurred!
See also "/home/aarc/EXTERNAL/Launch/data_analysis/cmake-build-debug/CMakeFiles/CMakeOutput.log".
See also "/home/aarc/EXTERNAL/Launch/data_analysis/cmake-build-debug/CMakeFiles/CMakeError.log".
